{"D:\\ny-articles\\src\\App.js": {"path":"D:\\ny-articles\\src\\App.js","statementMap":{"0":{"start":{"line":13,"column":23},"end":{"line":13,"column":45}},"1":{"start":{"line":16,"column":14},"end":{"line":21,"column":1}},"2":{"start":{"line":24,"column":0},"end":{"line":24,"column":29}},"3":{"start":{"line":26,"column":2},"end":{"line":39,"column":4}}},"fnMap":{"0":{"name":"App","decl":{"start":{"line":25,"column":9},"end":{"line":25,"column":12}},"loc":{"start":{"line":25,"column":15},"end":{"line":40,"column":1}},"line":25}},"branchMap":{},"s":{"0":2,"1":2,"2":2,"3":2},"f":{"0":2},"b":{},"_coverageSchema":"43e27e138ebf9cfc5966b082cf9a028302ed4184","hash":"a647faacacc9e5d18076935cb277d0450c0191e3"}
,"D:\\ny-articles\\src\\index.js": {"path":"D:\\ny-articles\\src\\index.js","statementMap":{"0":{"start":{"line":7,"column":0},"end":{"line":7,"column":58}},"1":{"start":{"line":12,"column":0},"end":{"line":12,"column":27}}},"fnMap":{},"branchMap":{},"s":{"0":0,"1":0},"f":{},"b":{},"hash":"2d4858a54bb376aad1f21ce2365bdfe2d1000518"}
,"D:\\ny-articles\\src\\serviceWorker.js": {"path":"D:\\ny-articles\\src\\serviceWorker.js","statementMap":{"0":{"start":{"line":13,"column":20},"end":{"line":21,"column":1}},"1":{"start":{"line":24,"column":2},"end":{"line":54,"column":3}},"2":{"start":{"line":26,"column":22},"end":{"line":26,"column":75}},"3":{"start":{"line":27,"column":4},"end":{"line":32,"column":5}},"4":{"start":{"line":31,"column":6},"end":{"line":31,"column":13}},"5":{"start":{"line":34,"column":4},"end":{"line":53,"column":7}},"6":{"start":{"line":35,"column":20},"end":{"line":35,"column":65}},"7":{"start":{"line":37,"column":6},"end":{"line":52,"column":7}},"8":{"start":{"line":39,"column":8},"end":{"line":39,"column":47}},"9":{"start":{"line":43,"column":8},"end":{"line":48,"column":11}},"10":{"start":{"line":44,"column":10},"end":{"line":47,"column":12}},"11":{"start":{"line":51,"column":8},"end":{"line":51,"column":39}},"12":{"start":{"line":58,"column":2},"end":{"line":98,"column":7}},"13":{"start":{"line":61,"column":6},"end":{"line":94,"column":8}},"14":{"start":{"line":62,"column":33},"end":{"line":62,"column":56}},"15":{"start":{"line":63,"column":8},"end":{"line":65,"column":9}},"16":{"start":{"line":64,"column":10},"end":{"line":64,"column":17}},"17":{"start":{"line":66,"column":8},"end":{"line":93,"column":10}},"18":{"start":{"line":67,"column":10},"end":{"line":92,"column":11}},"19":{"start":{"line":68,"column":12},"end":{"line":91,"column":13}},"20":{"start":{"line":72,"column":14},"end":{"line":75,"column":16}},"21":{"start":{"line":78,"column":14},"end":{"line":80,"column":15}},"22":{"start":{"line":79,"column":16},"end":{"line":79,"column":46}},"23":{"start":{"line":85,"column":14},"end":{"line":85,"column":64}},"24":{"start":{"line":88,"column":14},"end":{"line":90,"column":15}},"25":{"start":{"line":89,"column":16},"end":{"line":89,"column":47}},"26":{"start":{"line":97,"column":6},"end":{"line":97,"column":72}},"27":{"start":{"line":103,"column":2},"end":{"line":126,"column":7}},"28":{"start":{"line":106,"column":26},"end":{"line":106,"column":62}},"29":{"start":{"line":107,"column":6},"end":{"line":120,"column":7}},"30":{"start":{"line":112,"column":8},"end":{"line":116,"column":11}},"31":{"start":{"line":113,"column":10},"end":{"line":115,"column":13}},"32":{"start":{"line":114,"column":12},"end":{"line":114,"column":37}},"33":{"start":{"line":119,"column":8},"end":{"line":119,"column":39}},"34":{"start":{"line":123,"column":6},"end":{"line":125,"column":8}},"35":{"start":{"line":130,"column":2},"end":{"line":134,"column":3}},"36":{"start":{"line":131,"column":4},"end":{"line":133,"column":7}},"37":{"start":{"line":132,"column":6},"end":{"line":132,"column":32}}},"fnMap":{"0":{"name":"register","decl":{"start":{"line":23,"column":16},"end":{"line":23,"column":24}},"loc":{"start":{"line":23,"column":33},"end":{"line":55,"column":1}},"line":23},"1":{"name":"(anonymous_1)","decl":{"start":{"line":34,"column":36},"end":{"line":34,"column":37}},"loc":{"start":{"line":34,"column":42},"end":{"line":53,"column":5}},"line":34},"2":{"name":"(anonymous_2)","decl":{"start":{"line":43,"column":43},"end":{"line":43,"column":44}},"loc":{"start":{"line":43,"column":49},"end":{"line":48,"column":9}},"line":43},"3":{"name":"registerValidSW","decl":{"start":{"line":57,"column":9},"end":{"line":57,"column":24}},"loc":{"start":{"line":57,"column":40},"end":{"line":99,"column":1}},"line":57},"4":{"name":"(anonymous_4)","decl":{"start":{"line":60,"column":10},"end":{"line":60,"column":11}},"loc":{"start":{"line":60,"column":26},"end":{"line":95,"column":5}},"line":60},"5":{"name":"(anonymous_5)","decl":{"start":{"line":61,"column":35},"end":{"line":61,"column":36}},"loc":{"start":{"line":61,"column":41},"end":{"line":94,"column":7}},"line":61},"6":{"name":"(anonymous_6)","decl":{"start":{"line":66,"column":41},"end":{"line":66,"column":42}},"loc":{"start":{"line":66,"column":47},"end":{"line":93,"column":9}},"line":66},"7":{"name":"(anonymous_7)","decl":{"start":{"line":96,"column":11},"end":{"line":96,"column":12}},"loc":{"start":{"line":96,"column":20},"end":{"line":98,"column":5}},"line":96},"8":{"name":"checkValidServiceWorker","decl":{"start":{"line":101,"column":9},"end":{"line":101,"column":32}},"loc":{"start":{"line":101,"column":48},"end":{"line":127,"column":1}},"line":101},"9":{"name":"(anonymous_9)","decl":{"start":{"line":104,"column":10},"end":{"line":104,"column":11}},"loc":{"start":{"line":104,"column":22},"end":{"line":121,"column":5}},"line":104},"10":{"name":"(anonymous_10)","decl":{"start":{"line":112,"column":43},"end":{"line":112,"column":44}},"loc":{"start":{"line":112,"column":59},"end":{"line":116,"column":9}},"line":112},"11":{"name":"(anonymous_11)","decl":{"start":{"line":113,"column":41},"end":{"line":113,"column":42}},"loc":{"start":{"line":113,"column":47},"end":{"line":115,"column":11}},"line":113},"12":{"name":"(anonymous_12)","decl":{"start":{"line":122,"column":11},"end":{"line":122,"column":12}},"loc":{"start":{"line":122,"column":17},"end":{"line":126,"column":5}},"line":122},"13":{"name":"unregister","decl":{"start":{"line":129,"column":16},"end":{"line":129,"column":26}},"loc":{"start":{"line":129,"column":29},"end":{"line":135,"column":1}},"line":129},"14":{"name":"(anonymous_14)","decl":{"start":{"line":131,"column":39},"end":{"line":131,"column":40}},"loc":{"start":{"line":131,"column":55},"end":{"line":133,"column":5}},"line":131}},"branchMap":{"0":{"loc":{"start":{"line":14,"column":2},"end":{"line":20,"column":5}},"type":"binary-expr","locations":[{"start":{"line":14,"column":2},"end":{"line":14,"column":42}},{"start":{"line":16,"column":4},"end":{"line":16,"column":40}},{"start":{"line":18,"column":4},"end":{"line":20,"column":5}}],"line":14},"1":{"loc":{"start":{"line":24,"column":2},"end":{"line":54,"column":3}},"type":"if","locations":[{"start":{"line":24,"column":2},"end":{"line":54,"column":3}},{"start":{"line":24,"column":2},"end":{"line":54,"column":3}}],"line":24},"2":{"loc":{"start":{"line":24,"column":6},"end":{"line":24,"column":75}},"type":"binary-expr","locations":[{"start":{"line":24,"column":6},"end":{"line":24,"column":43}},{"start":{"line":24,"column":47},"end":{"line":24,"column":75}}],"line":24},"3":{"loc":{"start":{"line":27,"column":4},"end":{"line":32,"column":5}},"type":"if","locations":[{"start":{"line":27,"column":4},"end":{"line":32,"column":5}},{"start":{"line":27,"column":4},"end":{"line":32,"column":5}}],"line":27},"4":{"loc":{"start":{"line":37,"column":6},"end":{"line":52,"column":7}},"type":"if","locations":[{"start":{"line":37,"column":6},"end":{"line":52,"column":7}},{"start":{"line":37,"column":6},"end":{"line":52,"column":7}}],"line":37},"5":{"loc":{"start":{"line":63,"column":8},"end":{"line":65,"column":9}},"type":"if","locations":[{"start":{"line":63,"column":8},"end":{"line":65,"column":9}},{"start":{"line":63,"column":8},"end":{"line":65,"column":9}}],"line":63},"6":{"loc":{"start":{"line":67,"column":10},"end":{"line":92,"column":11}},"type":"if","locations":[{"start":{"line":67,"column":10},"end":{"line":92,"column":11}},{"start":{"line":67,"column":10},"end":{"line":92,"column":11}}],"line":67},"7":{"loc":{"start":{"line":68,"column":12},"end":{"line":91,"column":13}},"type":"if","locations":[{"start":{"line":68,"column":12},"end":{"line":91,"column":13}},{"start":{"line":68,"column":12},"end":{"line":91,"column":13}}],"line":68},"8":{"loc":{"start":{"line":78,"column":14},"end":{"line":80,"column":15}},"type":"if","locations":[{"start":{"line":78,"column":14},"end":{"line":80,"column":15}},{"start":{"line":78,"column":14},"end":{"line":80,"column":15}}],"line":78},"9":{"loc":{"start":{"line":78,"column":18},"end":{"line":78,"column":43}},"type":"binary-expr","locations":[{"start":{"line":78,"column":18},"end":{"line":78,"column":24}},{"start":{"line":78,"column":28},"end":{"line":78,"column":43}}],"line":78},"10":{"loc":{"start":{"line":88,"column":14},"end":{"line":90,"column":15}},"type":"if","locations":[{"start":{"line":88,"column":14},"end":{"line":90,"column":15}},{"start":{"line":88,"column":14},"end":{"line":90,"column":15}}],"line":88},"11":{"loc":{"start":{"line":88,"column":18},"end":{"line":88,"column":44}},"type":"binary-expr","locations":[{"start":{"line":88,"column":18},"end":{"line":88,"column":24}},{"start":{"line":88,"column":28},"end":{"line":88,"column":44}}],"line":88},"12":{"loc":{"start":{"line":107,"column":6},"end":{"line":120,"column":7}},"type":"if","locations":[{"start":{"line":107,"column":6},"end":{"line":120,"column":7}},{"start":{"line":107,"column":6},"end":{"line":120,"column":7}}],"line":107},"13":{"loc":{"start":{"line":108,"column":8},"end":{"line":109,"column":73}},"type":"binary-expr","locations":[{"start":{"line":108,"column":8},"end":{"line":108,"column":31}},{"start":{"line":109,"column":9},"end":{"line":109,"column":28}},{"start":{"line":109,"column":32},"end":{"line":109,"column":72}}],"line":108},"14":{"loc":{"start":{"line":130,"column":2},"end":{"line":134,"column":3}},"type":"if","locations":[{"start":{"line":130,"column":2},"end":{"line":134,"column":3}},{"start":{"line":130,"column":2},"end":{"line":134,"column":3}}],"line":130}},"s":{"0":0,"1":0,"2":0,"3":0,"4":0,"5":0,"6":0,"7":0,"8":0,"9":0,"10":0,"11":0,"12":0,"13":0,"14":0,"15":0,"16":0,"17":0,"18":0,"19":0,"20":0,"21":0,"22":0,"23":0,"24":0,"25":0,"26":0,"27":0,"28":0,"29":0,"30":0,"31":0,"32":0,"33":0,"34":0,"35":0,"36":0,"37":0},"f":{"0":0,"1":0,"2":0,"3":0,"4":0,"5":0,"6":0,"7":0,"8":0,"9":0,"10":0,"11":0,"12":0,"13":0,"14":0},"b":{"0":[0,0,0],"1":[0,0],"2":[0,0],"3":[0,0],"4":[0,0],"5":[0,0],"6":[0,0],"7":[0,0],"8":[0,0],"9":[0,0],"10":[0,0],"11":[0,0],"12":[0,0],"13":[0,0,0],"14":[0,0]},"hash":"45302273180373c33cd226f06fc0cdcecf14ccf5"}
,"D:\\ny-articles\\src\\actions\\index.js": {"path":"D:\\ny-articles\\src\\actions\\index.js","statementMap":{"0":{"start":{"line":1,"column":30},"end":{"line":1,"column":46}},"1":{"start":{"line":2,"column":38},"end":{"line":2,"column":62}}},"fnMap":{},"branchMap":{},"s":{"0":4,"1":4},"f":{},"b":{},"_coverageSchema":"43e27e138ebf9cfc5966b082cf9a028302ed4184","hash":"c5e4ddd13f33ece01dc252adfbd08298c6b7bffa"}
,"D:\\ny-articles\\src\\components\\index.js": {"path":"D:\\ny-articles\\src\\components\\index.js","statementMap":{},"fnMap":{},"branchMap":{},"s":{},"f":{},"b":{},"_coverageSchema":"43e27e138ebf9cfc5966b082cf9a028302ed4184","hash":"4dfee5a80deecc0993936330032823fb4323aee8"}
,"D:\\ny-articles\\src\\components\\Article\\index.js": {"path":"D:\\ny-articles\\src\\components\\Article\\index.js","statementMap":{"0":{"start":{"line":5,"column":16},"end":{"line":5,"column":50}},"1":{"start":{"line":6,"column":2},"end":{"line":38,"column":4}}},"fnMap":{"0":{"name":"(anonymous_0)","decl":{"start":{"line":4,"column":15},"end":{"line":4,"column":16}},"loc":{"start":{"line":4,"column":32},"end":{"line":39,"column":1}},"line":4}},"branchMap":{},"s":{"0":0,"1":0},"f":{"0":0},"b":{},"_coverageSchema":"43e27e138ebf9cfc5966b082cf9a028302ed4184","hash":"19537e735591b15a7255a325c3289f0e52768a38"}
,"D:\\ny-articles\\src\\components\\Article\\styledArticleContainer.js": {"path":"D:\\ny-articles\\src\\components\\Article\\styledArticleContainer.js","statementMap":{"0":{"start":{"line":3,"column":32},"end":{"line":60,"column":1}}},"fnMap":{},"branchMap":{},"s":{"0":4},"f":{},"b":{},"_coverageSchema":"43e27e138ebf9cfc5966b082cf9a028302ed4184","hash":"e9a3df0e7f5566eb5f3f515dc754fee19a4668e4"}
,"D:\\ny-articles\\src\\components\\ArticleRow\\index.js": {"path":"D:\\ny-articles\\src\\components\\ArticleRow\\index.js","statementMap":{"0":{"start":{"line":4,"column":19},"end":{"line":26,"column":1}},"1":{"start":{"line":5,"column":22},"end":{"line":7,"column":3}},"2":{"start":{"line":6,"column":13},"end":{"line":6,"column":36}},"3":{"start":{"line":8,"column":2},"end":{"line":25,"column":4}},"4":{"start":{"line":12,"column":23},"end":{"line":12,"column":49}}},"fnMap":{"0":{"name":"(anonymous_0)","decl":{"start":{"line":4,"column":19},"end":{"line":4,"column":20}},"loc":{"start":{"line":4,"column":49},"end":{"line":26,"column":1}},"line":4},"1":{"name":"(anonymous_1)","decl":{"start":{"line":6,"column":4},"end":{"line":6,"column":5}},"loc":{"start":{"line":6,"column":13},"end":{"line":6,"column":36}},"line":6},"2":{"name":"(anonymous_2)","decl":{"start":{"line":12,"column":17},"end":{"line":12,"column":18}},"loc":{"start":{"line":12,"column":23},"end":{"line":12,"column":49}},"line":12}},"branchMap":{},"s":{"0":4,"1":14,"2":14,"3":14,"4":0},"f":{"0":14,"1":14,"2":0},"b":{},"_coverageSchema":"43e27e138ebf9cfc5966b082cf9a028302ed4184","hash":"a7624cc4743de648ac8799d55f3ceba2c6d62e7f"}
,"D:\\ny-articles\\src\\components\\ArticleRow\\styledArticleRow.js": {"path":"D:\\ny-articles\\src\\components\\ArticleRow\\styledArticleRow.js","statementMap":{"0":{"start":{"line":2,"column":32},"end":{"line":64,"column":1}}},"fnMap":{},"branchMap":{},"s":{"0":4},"f":{},"b":{},"_coverageSchema":"43e27e138ebf9cfc5966b082cf9a028302ed4184","hash":"8c3fb17a371b7ebed3f690af44091298aa5fc538"}
,"D:\\ny-articles\\src\\components\\Header\\index.js": {"path":"D:\\ny-articles\\src\\components\\Header\\index.js","statementMap":{"0":{"start":{"line":5,"column":2},"end":{"line":8,"column":20}}},"fnMap":{"0":{"name":"(anonymous_0)","decl":{"start":{"line":4,"column":15},"end":{"line":4,"column":16}},"loc":{"start":{"line":5,"column":2},"end":{"line":8,"column":20}},"line":5}},"branchMap":{},"s":{"0":2},"f":{"0":2},"b":{},"_coverageSchema":"43e27e138ebf9cfc5966b082cf9a028302ed4184","hash":"01e45f4a6c60a62c0151ac42a25e0cfded256c62"}
,"D:\\ny-articles\\src\\components\\Header\\styledHeader.js": {"path":"D:\\ny-articles\\src\\components\\Header\\styledHeader.js","statementMap":{"0":{"start":{"line":3,"column":31},"end":{"line":30,"column":1}}},"fnMap":{},"branchMap":{},"s":{"0":4},"f":{},"b":{},"_coverageSchema":"43e27e138ebf9cfc5966b082cf9a028302ed4184","hash":"59955b632df9b48ad46024656cdb8555a2fe6a04"}
,"D:\\ny-articles\\src\\containers\\ArticleContainer.js": {"path":"D:\\ny-articles\\src\\containers\\ArticleContainer.js","statementMap":{"0":{"start":{"line":9,"column":4},"end":{"line":11,"column":5}},"1":{"start":{"line":10,"column":6},"end":{"line":10,"column":33}},"2":{"start":{"line":16,"column":27},"end":{"line":16,"column":56}},"3":{"start":{"line":17,"column":23},"end":{"line":17,"column":33}},"4":{"start":{"line":19,"column":4},"end":{"line":21,"column":5}},"5":{"start":{"line":20,"column":6},"end":{"line":20,"column":35}},"6":{"start":{"line":23,"column":4},"end":{"line":31,"column":5}},"7":{"start":{"line":24,"column":6},"end":{"line":30,"column":8}},"8":{"start":{"line":33,"column":4},"end":{"line":40,"column":6}},"9":{"start":{"line":45,"column":24},"end":{"line":50,"column":2}},"10":{"start":{"line":45,"column":46},"end":{"line":50,"column":1}},"11":{"start":{"line":48,"column":15},"end":{"line":48,"column":70}},"12":{"start":{"line":52,"column":27},"end":{"line":56,"column":1}},"13":{"start":{"line":53,"column":2},"end":{"line":55,"column":4}},"14":{"start":{"line":54,"column":25},"end":{"line":54,"column":59}}},"fnMap":{"0":{"name":"(anonymous_0)","decl":{"start":{"line":8,"column":2},"end":{"line":8,"column":3}},"loc":{"start":{"line":8,"column":22},"end":{"line":12,"column":3}},"line":8},"1":{"name":"(anonymous_1)","decl":{"start":{"line":15,"column":2},"end":{"line":15,"column":3}},"loc":{"start":{"line":15,"column":11},"end":{"line":41,"column":3}},"line":15},"2":{"name":"(anonymous_2)","decl":{"start":{"line":45,"column":24},"end":{"line":45,"column":25}},"loc":{"start":{"line":45,"column":46},"end":{"line":50,"column":1}},"line":45},"3":{"name":"(anonymous_3)","decl":{"start":{"line":48,"column":4},"end":{"line":48,"column":5}},"loc":{"start":{"line":48,"column":15},"end":{"line":48,"column":70}},"line":48},"4":{"name":"(anonymous_4)","decl":{"start":{"line":52,"column":27},"end":{"line":52,"column":28}},"loc":{"start":{"line":52,"column":39},"end":{"line":56,"column":1}},"line":52},"5":{"name":"(anonymous_5)","decl":{"start":{"line":54,"column":19},"end":{"line":54,"column":20}},"loc":{"start":{"line":54,"column":25},"end":{"line":54,"column":59}},"line":54}},"branchMap":{"0":{"loc":{"start":{"line":9,"column":4},"end":{"line":11,"column":5}},"type":"if","locations":[{"start":{"line":9,"column":4},"end":{"line":11,"column":5}},{"start":{"line":9,"column":4},"end":{"line":11,"column":5}}],"line":9},"1":{"loc":{"start":{"line":19,"column":4},"end":{"line":21,"column":5}},"type":"if","locations":[{"start":{"line":19,"column":4},"end":{"line":21,"column":5}},{"start":{"line":19,"column":4},"end":{"line":21,"column":5}}],"line":19},"2":{"loc":{"start":{"line":19,"column":8},"end":{"line":19,"column":40}},"type":"binary-expr","locations":[{"start":{"line":19,"column":8},"end":{"line":19,"column":16}},{"start":{"line":19,"column":20},"end":{"line":19,"column":40}}],"line":19},"3":{"loc":{"start":{"line":23,"column":4},"end":{"line":31,"column":5}},"type":"if","locations":[{"start":{"line":23,"column":4},"end":{"line":31,"column":5}},{"start":{"line":23,"column":4},"end":{"line":31,"column":5}}],"line":23},"4":{"loc":{"start":{"line":23,"column":8},"end":{"line":23,"column":38}},"type":"binary-expr","locations":[{"start":{"line":23,"column":8},"end":{"line":23,"column":26}},{"start":{"line":23,"column":30},"end":{"line":23,"column":38}}],"line":23}},"s":{"0":1,"1":1,"2":1,"3":1,"4":1,"5":1,"6":0,"7":0,"8":0,"9":3,"10":0,"11":0,"12":3,"13":0,"14":0},"f":{"0":1,"1":1,"2":0,"3":0,"4":0,"5":0},"b":{"0":[1,0],"1":[1,0],"2":[1,1],"3":[0,0],"4":[0,0]},"_coverageSchema":"43e27e138ebf9cfc5966b082cf9a028302ed4184","hash":"7e977f97cc478737acbbb3519ed2a3f5994b3e5e"}
,"D:\\ny-articles\\src\\containers\\HomeContainer.js": {"path":"D:\\ny-articles\\src\\containers\\HomeContainer.js","statementMap":{"0":{"start":{"line":9,"column":4},"end":{"line":9,"column":17}},"1":{"start":{"line":10,"column":4},"end":{"line":12,"column":6}},"2":{"start":{"line":16,"column":4},"end":{"line":16,"column":31}},"3":{"start":{"line":20,"column":16},"end":{"line":22,"column":3}},"4":{"start":{"line":21,"column":4},"end":{"line":21,"column":46}},"5":{"start":{"line":25,"column":37},"end":{"line":25,"column":47}},"6":{"start":{"line":26,"column":28},"end":{"line":26,"column":38}},"7":{"start":{"line":27,"column":4},"end":{"line":29,"column":5}},"8":{"start":{"line":28,"column":6},"end":{"line":28,"column":35}},"9":{"start":{"line":30,"column":4},"end":{"line":45,"column":6}},"10":{"start":{"line":37,"column":12},"end":{"line":41,"column":14}},"11":{"start":{"line":50,"column":27},"end":{"line":54,"column":1}},"12":{"start":{"line":51,"column":2},"end":{"line":53,"column":4}},"13":{"start":{"line":52,"column":25},"end":{"line":52,"column":59}},"14":{"start":{"line":56,"column":24},"end":{"line":58,"column":2}},"15":{"start":{"line":56,"column":34},"end":{"line":58,"column":1}}},"fnMap":{"0":{"name":"(anonymous_0)","decl":{"start":{"line":8,"column":2},"end":{"line":8,"column":3}},"loc":{"start":{"line":8,"column":21},"end":{"line":13,"column":3}},"line":8},"1":{"name":"(anonymous_1)","decl":{"start":{"line":15,"column":2},"end":{"line":15,"column":3}},"loc":{"start":{"line":15,"column":22},"end":{"line":17,"column":3}},"line":15},"2":{"name":"(anonymous_2)","decl":{"start":{"line":20,"column":16},"end":{"line":20,"column":17}},"loc":{"start":{"line":20,"column":22},"end":{"line":22,"column":3}},"line":20},"3":{"name":"(anonymous_3)","decl":{"start":{"line":24,"column":2},"end":{"line":24,"column":3}},"loc":{"start":{"line":24,"column":11},"end":{"line":46,"column":3}},"line":24},"4":{"name":"(anonymous_4)","decl":{"start":{"line":36,"column":58},"end":{"line":36,"column":59}},"loc":{"start":{"line":37,"column":12},"end":{"line":41,"column":14}},"line":37},"5":{"name":"(anonymous_5)","decl":{"start":{"line":50,"column":27},"end":{"line":50,"column":28}},"loc":{"start":{"line":50,"column":39},"end":{"line":54,"column":1}},"line":50},"6":{"name":"(anonymous_6)","decl":{"start":{"line":52,"column":19},"end":{"line":52,"column":20}},"loc":{"start":{"line":52,"column":25},"end":{"line":52,"column":59}},"line":52},"7":{"name":"(anonymous_7)","decl":{"start":{"line":56,"column":24},"end":{"line":56,"column":25}},"loc":{"start":{"line":56,"column":34},"end":{"line":58,"column":1}},"line":56}},"branchMap":{"0":{"loc":{"start":{"line":27,"column":4},"end":{"line":29,"column":5}},"type":"if","locations":[{"start":{"line":27,"column":4},"end":{"line":29,"column":5}},{"start":{"line":27,"column":4},"end":{"line":29,"column":5}}],"line":27}},"s":{"0":4,"1":4,"2":4,"3":4,"4":0,"5":4,"6":4,"7":4,"8":2,"9":2,"10":14,"11":3,"12":2,"13":2,"14":3,"15":2},"f":{"0":4,"1":4,"2":0,"3":4,"4":14,"5":2,"6":2,"7":2},"b":{"0":[2,2]},"_coverageSchema":"43e27e138ebf9cfc5966b082cf9a028302ed4184","hash":"a0b5bfa0fcc0da070a59e61d435fa93079d0a94e"}
,"D:\\ny-articles\\src\\reducers\\articlesReducer.js": {"path":"D:\\ny-articles\\src\\reducers\\articlesReducer.js","statementMap":{"0":{"start":{"line":3,"column":21},"end":{"line":3,"column":23}},"1":{"start":{"line":6,"column":4},"end":{"line":11,"column":5}},"2":{"start":{"line":8,"column":12},"end":{"line":8,"column":51}},"3":{"start":{"line":10,"column":12},"end":{"line":10,"column":25}}},"fnMap":{"0":{"name":"(anonymous_0)","decl":{"start":{"line":5,"column":15},"end":{"line":5,"column":16}},"loc":{"start":{"line":5,"column":54},"end":{"line":12,"column":1}},"line":5}},"branchMap":{"0":{"loc":{"start":{"line":5,"column":24},"end":{"line":5,"column":44}},"type":"default-arg","locations":[{"start":{"line":5,"column":32},"end":{"line":5,"column":44}}],"line":5},"1":{"loc":{"start":{"line":6,"column":4},"end":{"line":11,"column":5}},"type":"switch","locations":[{"start":{"line":7,"column":8},"end":{"line":8,"column":51}},{"start":{"line":9,"column":8},"end":{"line":10,"column":25}}],"line":6}},"s":{"0":2,"1":8,"2":0,"3":8},"f":{"0":8},"b":{"0":[6],"1":[0,8]},"_coverageSchema":"43e27e138ebf9cfc5966b082cf9a028302ed4184","hash":"e3cbc877881f2bd2bf4cea0ed1d23deb8241126f"}
,"D:\\ny-articles\\src\\reducers\\index.js": {"path":"D:\\ny-articles\\src\\reducers\\index.js","statementMap":{},"fnMap":{},"branchMap":{},"s":{},"f":{},"b":{},"_coverageSchema":"43e27e138ebf9cfc5966b082cf9a028302ed4184","hash":"87677115cb0ff8402f9b6820f16686bc12a8c948"}
,"D:\\ny-articles\\src\\sagas\\index.js": {"path":"D:\\ny-articles\\src\\sagas\\index.js","statementMap":{"0":{"start":{"line":6,"column":12},"end":{"line":6,"column":46}},"1":{"start":{"line":7,"column":27},"end":{"line":7,"column":117}},"2":{"start":{"line":14,"column":4},"end":{"line":16,"column":7}},"3":{"start":{"line":23,"column":4},"end":{"line":26,"column":6}},"4":{"start":{"line":30,"column":4},"end":{"line":33,"column":7}},"5":{"start":{"line":37,"column":4},"end":{"line":48,"column":5}},"6":{"start":{"line":38,"column":25},"end":{"line":38,"column":50}},"7":{"start":{"line":39,"column":8},"end":{"line":42,"column":11}},"8":{"start":{"line":44,"column":8},"end":{"line":47,"column":11}}},"fnMap":{"0":{"name":"rootSaga","decl":{"start":{"line":13,"column":25},"end":{"line":13,"column":33}},"loc":{"start":{"line":13,"column":36},"end":{"line":17,"column":1}},"line":13},"1":{"name":"watchFetchArticles","decl":{"start":{"line":22,"column":10},"end":{"line":22,"column":28}},"loc":{"start":{"line":22,"column":31},"end":{"line":27,"column":1}},"line":22},"2":{"name":"fetchArticles","decl":{"start":{"line":29,"column":9},"end":{"line":29,"column":22}},"loc":{"start":{"line":29,"column":25},"end":{"line":34,"column":1}},"line":29},"3":{"name":"workerFetchArticles","decl":{"start":{"line":36,"column":10},"end":{"line":36,"column":29}},"loc":{"start":{"line":36,"column":32},"end":{"line":49,"column":1}},"line":36}},"branchMap":{},"s":{"0":2,"1":2,"2":2,"3":2,"4":2,"5":2,"6":2,"7":0,"8":0},"f":{"0":2,"1":2,"2":2,"3":2},"b":{},"_coverageSchema":"43e27e138ebf9cfc5966b082cf9a028302ed4184","hash":"59e06a5b8604e9dfc8366fdc1d854cbb75759952"}
}
