TN:
SF:D:\ny-articles\src\App.js
FN:25,App
FNF:1
FNH:1
FNDA:2,App
DA:13,2
DA:16,2
DA:24,2
DA:26,2
LF:4
LH:4
BRF:0
BRH:0
end_of_record
TN:
SF:D:\ny-articles\src\index.js
FNF:0
FNH:0
DA:7,0
DA:12,0
LF:2
LH:0
BRF:0
BRH:0
end_of_record
TN:
SF:D:\ny-articles\src\serviceWorker.js
FN:23,register
FN:34,(anonymous_1)
FN:43,(anonymous_2)
FN:57,registerValidSW
FN:60,(anonymous_4)
FN:61,(anonymous_5)
FN:66,(anonymous_6)
FN:96,(anonymous_7)
FN:101,checkValidServiceWorker
FN:104,(anonymous_9)
FN:112,(anonymous_10)
FN:113,(anonymous_11)
FN:122,(anonymous_12)
FN:129,unregister
FN:131,(anonymous_14)
FNF:15
FNH:0
FNDA:0,register
FNDA:0,(anonymous_1)
FNDA:0,(anonymous_2)
FNDA:0,registerValidSW
FNDA:0,(anonymous_4)
FNDA:0,(anonymous_5)
FNDA:0,(anonymous_6)
FNDA:0,(anonymous_7)
FNDA:0,checkValidServiceWorker
FNDA:0,(anonymous_9)
FNDA:0,(anonymous_10)
FNDA:0,(anonymous_11)
FNDA:0,(anonymous_12)
FNDA:0,unregister
FNDA:0,(anonymous_14)
DA:13,0
DA:24,0
DA:26,0
DA:27,0
DA:31,0
DA:34,0
DA:35,0
DA:37,0
DA:39,0
DA:43,0
DA:44,0
DA:51,0
DA:58,0
DA:61,0
DA:62,0
DA:63,0
DA:64,0
DA:66,0
DA:67,0
DA:68,0
DA:72,0
DA:78,0
DA:79,0
DA:85,0
DA:88,0
DA:89,0
DA:97,0
DA:103,0
DA:106,0
DA:107,0
DA:112,0
DA:113,0
DA:114,0
DA:119,0
DA:123,0
DA:130,0
DA:131,0
DA:132,0
LF:38
LH:0
BRDA:14,0,0,0
BRDA:14,0,1,0
BRDA:14,0,2,0
BRDA:24,1,0,0
BRDA:24,1,1,0
BRDA:24,2,0,0
BRDA:24,2,1,0
BRDA:27,3,0,0
BRDA:27,3,1,0
BRDA:37,4,0,0
BRDA:37,4,1,0
BRDA:63,5,0,0
BRDA:63,5,1,0
BRDA:67,6,0,0
BRDA:67,6,1,0
BRDA:68,7,0,0
BRDA:68,7,1,0
BRDA:78,8,0,0
BRDA:78,8,1,0
BRDA:78,9,0,0
BRDA:78,9,1,0
BRDA:88,10,0,0
BRDA:88,10,1,0
BRDA:88,11,0,0
BRDA:88,11,1,0
BRDA:107,12,0,0
BRDA:107,12,1,0
BRDA:108,13,0,0
BRDA:108,13,1,0
BRDA:108,13,2,0
BRDA:130,14,0,0
BRDA:130,14,1,0
BRF:32
BRH:0
end_of_record
TN:
SF:D:\ny-articles\src\actions\index.js
FNF:0
FNH:0
DA:1,4
DA:2,4
LF:2
LH:2
BRF:0
BRH:0
end_of_record
TN:
SF:D:\ny-articles\src\components\index.js
FNF:0
FNH:0
LF:0
LH:0
BRF:0
BRH:0
end_of_record
TN:
SF:D:\ny-articles\src\components\Article\index.js
FN:4,(anonymous_0)
FNF:1
FNH:0
FNDA:0,(anonymous_0)
DA:5,0
DA:6,0
LF:2
LH:0
BRF:0
BRH:0
end_of_record
TN:
SF:D:\ny-articles\src\components\Article\styledArticleContainer.js
FNF:0
FNH:0
DA:3,4
LF:1
LH:1
BRF:0
BRH:0
end_of_record
TN:
SF:D:\ny-articles\src\components\ArticleRow\index.js
FN:4,(anonymous_0)
FN:6,(anonymous_1)
FN:12,(anonymous_2)
FNF:3
FNH:2
FNDA:14,(anonymous_0)
FNDA:14,(anonymous_1)
FNDA:0,(anonymous_2)
DA:4,4
DA:5,14
DA:6,14
DA:8,14
DA:12,0
LF:5
LH:4
BRF:0
BRH:0
end_of_record
TN:
SF:D:\ny-articles\src\components\ArticleRow\styledArticleRow.js
FNF:0
FNH:0
DA:2,4
LF:1
LH:1
BRF:0
BRH:0
end_of_record
TN:
SF:D:\ny-articles\src\components\Header\index.js
FN:4,(anonymous_0)
FNF:1
FNH:1
FNDA:2,(anonymous_0)
DA:5,2
LF:1
LH:1
BRF:0
BRH:0
end_of_record
TN:
SF:D:\ny-articles\src\components\Header\styledHeader.js
FNF:0
FNH:0
DA:3,4
LF:1
LH:1
BRF:0
BRH:0
end_of_record
TN:
SF:D:\ny-articles\src\containers\ArticleContainer.js
FN:8,(anonymous_0)
FN:15,(anonymous_1)
FN:45,(anonymous_2)
FN:48,(anonymous_3)
FN:52,(anonymous_4)
FN:54,(anonymous_5)
FNF:6
FNH:2
FNDA:1,(anonymous_0)
FNDA:1,(anonymous_1)
FNDA:0,(anonymous_2)
FNDA:0,(anonymous_3)
FNDA:0,(anonymous_4)
FNDA:0,(anonymous_5)
DA:9,1
DA:10,1
DA:16,1
DA:17,1
DA:19,1
DA:20,1
DA:23,0
DA:24,0
DA:33,0
DA:45,3
DA:48,0
DA:52,3
DA:53,0
DA:54,0
LF:14
LH:8
BRDA:9,0,0,1
BRDA:9,0,1,0
BRDA:19,1,0,1
BRDA:19,1,1,0
BRDA:19,2,0,1
BRDA:19,2,1,1
BRDA:23,3,0,0
BRDA:23,3,1,0
BRDA:23,4,0,0
BRDA:23,4,1,0
BRF:10
BRH:4
end_of_record
TN:
SF:D:\ny-articles\src\containers\HomeContainer.js
FN:8,(anonymous_0)
FN:15,(anonymous_1)
FN:20,(anonymous_2)
FN:24,(anonymous_3)
FN:36,(anonymous_4)
FN:50,(anonymous_5)
FN:52,(anonymous_6)
FN:56,(anonymous_7)
FNF:8
FNH:7
FNDA:4,(anonymous_0)
FNDA:4,(anonymous_1)
FNDA:0,(anonymous_2)
FNDA:4,(anonymous_3)
FNDA:14,(anonymous_4)
FNDA:2,(anonymous_5)
FNDA:2,(anonymous_6)
FNDA:2,(anonymous_7)
DA:9,4
DA:10,4
DA:16,4
DA:20,4
DA:21,0
DA:25,4
DA:26,4
DA:27,4
DA:28,2
DA:30,2
DA:37,14
DA:50,3
DA:51,2
DA:52,2
DA:56,3
LF:15
LH:14
BRDA:27,0,0,2
BRDA:27,0,1,2
BRF:2
BRH:2
end_of_record
TN:
SF:D:\ny-articles\src\reducers\articlesReducer.js
FN:5,(anonymous_0)
FNF:1
FNH:1
FNDA:8,(anonymous_0)
DA:3,2
DA:6,8
DA:8,0
DA:10,8
LF:4
LH:3
BRDA:5,0,0,6
BRDA:6,1,0,0
BRDA:6,1,1,8
BRF:3
BRH:2
end_of_record
TN:
SF:D:\ny-articles\src\reducers\index.js
FNF:0
FNH:0
LF:0
LH:0
BRF:0
BRH:0
end_of_record
TN:
SF:D:\ny-articles\src\sagas\index.js
FN:13,rootSaga
FN:22,watchFetchArticles
FN:29,fetchArticles
FN:36,workerFetchArticles
FNF:4
FNH:4
FNDA:2,rootSaga
FNDA:2,watchFetchArticles
FNDA:2,fetchArticles
FNDA:2,workerFetchArticles
DA:6,2
DA:7,2
DA:14,2
DA:23,2
DA:30,2
DA:37,2
DA:38,2
DA:39,0
DA:44,0
LF:9
LH:7
BRF:0
BRH:0
end_of_record
